[07-Aug-2024 11:05:08 UTC] WordPress database error Table 'wp_actionscheduler_actions' already exists for query CREATE TABLE wp_actionscheduler_actions (
				        action_id bigint(20) unsigned NOT NULL auto_increment,
				        hook varchar(191) NOT NULL,
				        status varchar(20) NOT NULL,
				        scheduled_date_gmt datetime NULL default '0000-00-00 00:00:00',
				        scheduled_date_local datetime NULL default '0000-00-00 00:00:00',
				        priority tinyint unsigned NOT NULL default '10',
				        args varchar(191),
				        schedule longtext,
				        group_id bigint(20) unsigned NOT NULL default '0',
				        attempts int(11) NOT NULL default '0',
				        last_attempt_gmt datetime NULL default '0000-00-00 00:00:00',
				        last_attempt_local datetime NULL default '0000-00-00 00:00:00',
				        claim_id bigint(20) unsigned NOT NULL default '0',
				        extended_args varchar(8000) DEFAULT NULL,
				        PRIMARY KEY  (action_id),
				        KEY hook_status_scheduled_date_gmt (hook(163), status, scheduled_date_gmt),
				        KEY status_scheduled_date_gmt (status, scheduled_date_gmt),
				        KEY scheduled_date_gmt (scheduled_date_gmt),
				        KEY args (args(191)),
				        KEY group_id (group_id),
				        KEY last_attempt_gmt (last_attempt_gmt),
				        KEY `claim_id_status_scheduled_date_gmt` (`claim_id`, `status`, `scheduled_date_gmt`)
				        ) DEFAULT CHARACTER SET utf8mb4 COLLATE utf8mb4_unicode_520_ci made by do_action('wp_ajax_owp_ajax_required_plugins_activate'), WP_Hook->do_action, WP_Hook->apply_filters, OceanWP_Demos->ajax_required_plugins_activate, activate_plugin, plugin_sandbox_scrape, include_once('/plugins/wpforms-lite/wpforms.php'), wpforms, WPForms\WPForms::instance, WPForms\WPForms->includes, WPForms\WPForms->includes_magic, require_once('/plugins/wpforms-lite/vendor/woocommerce/action-scheduler/action-scheduler.php'), action_scheduler_initialize_3_dot_7_dot_2, ActionScheduler::init, ActionScheduler_HybridStore->init, ActionScheduler_DBStore->init, ActionScheduler_Abstract_Schema->register_tables, ActionScheduler_Abstract_Schema->update_table, dbDelta
[07-Aug-2024 11:05:08 UTC] WordPress database error Duplicate entry '6' for key 'PRIMARY' for query INSERT INTO `wp_actionscheduler_actions` (`action_id`, `hook`, `status`, `scheduled_date_gmt`, `scheduled_date_local`, `last_attempt_gmt`, `last_attempt_local`) VALUES ('6', '', '', '2024-08-08 00:00:00', '2024-08-08 00:00:00', '2024-08-08 00:00:00', '2024-08-08 00:00:00') made by do_action('wp_ajax_owp_ajax_required_plugins_activate'), WP_Hook->do_action, WP_Hook->apply_filters, OceanWP_Demos->ajax_required_plugins_activate, activate_plugin, plugin_sandbox_scrape, include_once('/plugins/wpforms-lite/wpforms.php'), wpforms, WPForms\WPForms::instance, WPForms\WPForms->includes, WPForms\WPForms->includes_magic, require_once('/plugins/wpforms-lite/vendor/woocommerce/action-scheduler/action-scheduler.php'), action_scheduler_initialize_3_dot_7_dot_2, ActionScheduler::init, ActionScheduler_HybridStore->init, ActionScheduler_DBStore->init, ActionScheduler_Abstract_Schema->register_tables, ActionScheduler_Abstract_Schema->update_table, do_action('action_scheduler/created_table'), WP_Hook->do_action, WP_Hook->apply_filters, ActionScheduler_HybridStore->set_autoincrement
[07-Aug-2024 11:05:08 UTC] WordPress database error Duplicate entry 'action_scheduler_lock_async-request-runner' for key 'option_name' for query INSERT INTO `wp_options` (`option_name`, `option_value`, `autoload`) VALUES ('action_scheduler_lock_async-request-runner', '66b354e4282399.65135207|1723028768', 'no') made by shutdown_action_hook, do_action('shutdown'), WP_Hook->do_action, WP_Hook->apply_filters, ActionScheduler_QueueRunner->maybe_dispatch_async_request, ActionScheduler_OptionLock->set
[09-Aug-2024 13:12:15 UTC] PHP Warning:  Undefined variable $qsid in /Users/samira/Local Sites/planty/app/public/wp-content/plugins/child-theme-configurator/includes/classes/CSS.php on line 958
[09-Aug-2024 13:12:15 UTC] PHP Warning:  Undefined variable $qsid in /Users/samira/Local Sites/planty/app/public/wp-content/plugins/child-theme-configurator/includes/classes/CSS.php on line 960
[09-Aug-2024 13:12:15 UTC] PHP Warning:  Undefined variable $qsid in /Users/samira/Local Sites/planty/app/public/wp-content/plugins/child-theme-configurator/includes/classes/CSS.php on line 967
[09-Aug-2024 13:12:15 UTC] PHP Warning:  Undefined variable $qsid in /Users/samira/Local Sites/planty/app/public/wp-content/plugins/child-theme-configurator/includes/classes/CSS.php on line 968
[09-Aug-2024 13:12:15 UTC] PHP Warning:  Undefined variable $qsid in /Users/samira/Local Sites/planty/app/public/wp-content/plugins/child-theme-configurator/includes/classes/CSS.php on line 971
[09-Aug-2024 13:12:56 UTC] PHP Warning:  Undefined variable $qsid in /Users/samira/Local Sites/planty/app/public/wp-content/plugins/child-theme-configurator/includes/classes/CSS.php on line 958
[09-Aug-2024 13:12:56 UTC] PHP Warning:  Undefined variable $qsid in /Users/samira/Local Sites/planty/app/public/wp-content/plugins/child-theme-configurator/includes/classes/CSS.php on line 960
[09-Aug-2024 13:12:56 UTC] PHP Warning:  Undefined variable $qsid in /Users/samira/Local Sites/planty/app/public/wp-content/plugins/child-theme-configurator/includes/classes/CSS.php on line 967
[09-Aug-2024 13:12:56 UTC] PHP Warning:  Undefined variable $qsid in /Users/samira/Local Sites/planty/app/public/wp-content/plugins/child-theme-configurator/includes/classes/CSS.php on line 968
[09-Aug-2024 13:12:56 UTC] PHP Warning:  Undefined variable $qsid in /Users/samira/Local Sites/planty/app/public/wp-content/plugins/child-theme-configurator/includes/classes/CSS.php on line 971
[12-Aug-2024 14:06:29 UTC] PHP Warning:  Attempt to read property "post_status" on null in /Users/samira/Local Sites/planty/app/public/wp-content/plugins/elementor/core/base/document.php on line 1960
[12-Aug-2024 14:06:29 UTC] PHP Warning:  Attempt to read property "post_status" on null in /Users/samira/Local Sites/planty/app/public/wp-content/plugins/elementor/core/base/document.php on line 1969
[12-Aug-2024 14:06:29 UTC] PHP Warning:  Attempt to read property "post_status" on null in /Users/samira/Local Sites/planty/app/public/wp-content/plugins/elementor/core/kits/manager.php on line 280
[12-Aug-2024 14:06:29 UTC] PHP Warning:  Attempt to read property "post_status" on null in /Users/samira/Local Sites/planty/app/public/wp-content/plugins/elementor/core/base/document.php on line 1960
[12-Aug-2024 14:06:29 UTC] PHP Warning:  Attempt to read property "post_status" on null in /Users/samira/Local Sites/planty/app/public/wp-content/plugins/elementor/core/base/document.php on line 1969
[12-Aug-2024 14:06:29 UTC] PHP Warning:  Attempt to read property "post_status" on null in /Users/samira/Local Sites/planty/app/public/wp-content/plugins/elementor/core/kits/manager.php on line 280
[14-Aug-2024 15:49:46 UTC] PHP Warning:  Undefined array key "eael_contact_form_alignment" in /Users/samira/Local Sites/planty/app/public/wp-content/plugins/essential-addons-for-elementor-lite/includes/Elements/Contact_Form_7.php on line 1731
[14-Aug-2024 15:49:46 UTC] PHP Warning:  Undefined array key "eael_contact_form_alignment" in /Users/samira/Local Sites/planty/app/public/wp-content/plugins/essential-addons-for-elementor-lite/includes/Elements/Contact_Form_7.php on line 1733
[14-Aug-2024 15:49:46 UTC] PHP Warning:  Undefined array key "eael_contact_form_alignment" in /Users/samira/Local Sites/planty/app/public/wp-content/plugins/essential-addons-for-elementor-lite/includes/Elements/Contact_Form_7.php on line 1735
[14-Aug-2024 15:51:46 UTC] PHP Warning:  Undefined array key "eael_contact_form_alignment" in /Users/samira/Local Sites/planty/app/public/wp-content/plugins/essential-addons-for-elementor-lite/includes/Elements/Contact_Form_7.php on line 1731
[14-Aug-2024 15:51:46 UTC] PHP Warning:  Undefined array key "eael_contact_form_alignment" in /Users/samira/Local Sites/planty/app/public/wp-content/plugins/essential-addons-for-elementor-lite/includes/Elements/Contact_Form_7.php on line 1733
[14-Aug-2024 15:51:46 UTC] PHP Warning:  Undefined array key "eael_contact_form_alignment" in /Users/samira/Local Sites/planty/app/public/wp-content/plugins/essential-addons-for-elementor-lite/includes/Elements/Contact_Form_7.php on line 1735
[14-Aug-2024 15:52:35 UTC] PHP Warning:  Undefined array key "eael_contact_form_alignment" in /Users/samira/Local Sites/planty/app/public/wp-content/plugins/essential-addons-for-elementor-lite/includes/Elements/Contact_Form_7.php on line 1731
[14-Aug-2024 15:52:35 UTC] PHP Warning:  Undefined array key "eael_contact_form_alignment" in /Users/samira/Local Sites/planty/app/public/wp-content/plugins/essential-addons-for-elementor-lite/includes/Elements/Contact_Form_7.php on line 1733
[14-Aug-2024 15:52:35 UTC] PHP Warning:  Undefined array key "eael_contact_form_alignment" in /Users/samira/Local Sites/planty/app/public/wp-content/plugins/essential-addons-for-elementor-lite/includes/Elements/Contact_Form_7.php on line 1735
[14-Aug-2024 15:53:07 UTC] PHP Warning:  Undefined array key "eael_contact_form_alignment" in /Users/samira/Local Sites/planty/app/public/wp-content/plugins/essential-addons-for-elementor-lite/includes/Elements/Contact_Form_7.php on line 1731
[14-Aug-2024 15:53:07 UTC] PHP Warning:  Undefined array key "eael_contact_form_alignment" in /Users/samira/Local Sites/planty/app/public/wp-content/plugins/essential-addons-for-elementor-lite/includes/Elements/Contact_Form_7.php on line 1733
[14-Aug-2024 15:53:07 UTC] PHP Warning:  Undefined array key "eael_contact_form_alignment" in /Users/samira/Local Sites/planty/app/public/wp-content/plugins/essential-addons-for-elementor-lite/includes/Elements/Contact_Form_7.php on line 1735
[14-Aug-2024 15:58:15 UTC] PHP Warning:  Undefined array key "eael_contact_form_alignment" in /Users/samira/Local Sites/planty/app/public/wp-content/plugins/essential-addons-for-elementor-lite/includes/Elements/Contact_Form_7.php on line 1731
[14-Aug-2024 15:58:15 UTC] PHP Warning:  Undefined array key "eael_contact_form_alignment" in /Users/samira/Local Sites/planty/app/public/wp-content/plugins/essential-addons-for-elementor-lite/includes/Elements/Contact_Form_7.php on line 1733
[14-Aug-2024 15:58:15 UTC] PHP Warning:  Undefined array key "eael_contact_form_alignment" in /Users/samira/Local Sites/planty/app/public/wp-content/plugins/essential-addons-for-elementor-lite/includes/Elements/Contact_Form_7.php on line 1735
[14-Aug-2024 15:58:51 UTC] PHP Warning:  Undefined array key "eael_contact_form_alignment" in /Users/samira/Local Sites/planty/app/public/wp-content/plugins/essential-addons-for-elementor-lite/includes/Elements/Contact_Form_7.php on line 1731
[14-Aug-2024 15:58:51 UTC] PHP Warning:  Undefined array key "eael_contact_form_alignment" in /Users/samira/Local Sites/planty/app/public/wp-content/plugins/essential-addons-for-elementor-lite/includes/Elements/Contact_Form_7.php on line 1733
[14-Aug-2024 15:58:51 UTC] PHP Warning:  Undefined array key "eael_contact_form_alignment" in /Users/samira/Local Sites/planty/app/public/wp-content/plugins/essential-addons-for-elementor-lite/includes/Elements/Contact_Form_7.php on line 1735
[14-Aug-2024 15:58:52 UTC] PHP Warning:  Undefined array key "eael_contact_form_alignment" in /Users/samira/Local Sites/planty/app/public/wp-content/plugins/essential-addons-for-elementor-lite/includes/Elements/Contact_Form_7.php on line 1731
[14-Aug-2024 15:58:52 UTC] PHP Warning:  Undefined array key "eael_contact_form_alignment" in /Users/samira/Local Sites/planty/app/public/wp-content/plugins/essential-addons-for-elementor-lite/includes/Elements/Contact_Form_7.php on line 1733
[14-Aug-2024 15:58:52 UTC] PHP Warning:  Undefined array key "eael_contact_form_alignment" in /Users/samira/Local Sites/planty/app/public/wp-content/plugins/essential-addons-for-elementor-lite/includes/Elements/Contact_Form_7.php on line 1735
[14-Aug-2024 16:00:28 UTC] PHP Warning:  Undefined array key "eael_contact_form_alignment" in /Users/samira/Local Sites/planty/app/public/wp-content/plugins/essential-addons-for-elementor-lite/includes/Elements/Contact_Form_7.php on line 1731
[14-Aug-2024 16:00:28 UTC] PHP Warning:  Undefined array key "eael_contact_form_alignment" in /Users/samira/Local Sites/planty/app/public/wp-content/plugins/essential-addons-for-elementor-lite/includes/Elements/Contact_Form_7.php on line 1733
[14-Aug-2024 16:00:28 UTC] PHP Warning:  Undefined array key "eael_contact_form_alignment" in /Users/samira/Local Sites/planty/app/public/wp-content/plugins/essential-addons-for-elementor-lite/includes/Elements/Contact_Form_7.php on line 1735
[14-Aug-2024 16:03:42 UTC] PHP Warning:  Undefined array key "eael_contact_form_alignment" in /Users/samira/Local Sites/planty/app/public/wp-content/plugins/essential-addons-for-elementor-lite/includes/Elements/Contact_Form_7.php on line 1731
[14-Aug-2024 16:03:42 UTC] PHP Warning:  Undefined array key "eael_contact_form_alignment" in /Users/samira/Local Sites/planty/app/public/wp-content/plugins/essential-addons-for-elementor-lite/includes/Elements/Contact_Form_7.php on line 1733
[14-Aug-2024 16:03:42 UTC] PHP Warning:  Undefined array key "eael_contact_form_alignment" in /Users/samira/Local Sites/planty/app/public/wp-content/plugins/essential-addons-for-elementor-lite/includes/Elements/Contact_Form_7.php on line 1735
[14-Aug-2024 16:05:38 UTC] PHP Warning:  Undefined array key "eael_contact_form_alignment" in /Users/samira/Local Sites/planty/app/public/wp-content/plugins/essential-addons-for-elementor-lite/includes/Elements/Contact_Form_7.php on line 1731
[14-Aug-2024 16:05:38 UTC] PHP Warning:  Undefined array key "eael_contact_form_alignment" in /Users/samira/Local Sites/planty/app/public/wp-content/plugins/essential-addons-for-elementor-lite/includes/Elements/Contact_Form_7.php on line 1733
[14-Aug-2024 16:05:38 UTC] PHP Warning:  Undefined array key "eael_contact_form_alignment" in /Users/samira/Local Sites/planty/app/public/wp-content/plugins/essential-addons-for-elementor-lite/includes/Elements/Contact_Form_7.php on line 1735
[14-Aug-2024 18:28:50 UTC] PHP Warning:  Undefined array key "eael_contact_form_alignment" in /Users/samira/Local Sites/planty/app/public/wp-content/plugins/essential-addons-for-elementor-lite/includes/Elements/Contact_Form_7.php on line 1731
[14-Aug-2024 18:28:50 UTC] PHP Warning:  Undefined array key "eael_contact_form_alignment" in /Users/samira/Local Sites/planty/app/public/wp-content/plugins/essential-addons-for-elementor-lite/includes/Elements/Contact_Form_7.php on line 1733
[14-Aug-2024 18:28:50 UTC] PHP Warning:  Undefined array key "eael_contact_form_alignment" in /Users/samira/Local Sites/planty/app/public/wp-content/plugins/essential-addons-for-elementor-lite/includes/Elements/Contact_Form_7.php on line 1735
[15-Aug-2024 13:30:55 UTC] PHP Warning:  Undefined array key "eael_contact_form_alignment" in /Users/samira/Local Sites/planty/app/public/wp-content/plugins/essential-addons-for-elementor-lite/includes/Elements/Contact_Form_7.php on line 1731
[15-Aug-2024 13:30:55 UTC] PHP Warning:  Undefined array key "eael_contact_form_alignment" in /Users/samira/Local Sites/planty/app/public/wp-content/plugins/essential-addons-for-elementor-lite/includes/Elements/Contact_Form_7.php on line 1733
[15-Aug-2024 13:30:55 UTC] PHP Warning:  Undefined array key "eael_contact_form_alignment" in /Users/samira/Local Sites/planty/app/public/wp-content/plugins/essential-addons-for-elementor-lite/includes/Elements/Contact_Form_7.php on line 1735
[15-Aug-2024 13:33:06 UTC] PHP Warning:  Undefined array key "eael_contact_form_alignment" in /Users/samira/Local Sites/planty/app/public/wp-content/plugins/essential-addons-for-elementor-lite/includes/Elements/Contact_Form_7.php on line 1731
[15-Aug-2024 13:33:06 UTC] PHP Warning:  Undefined array key "eael_contact_form_alignment" in /Users/samira/Local Sites/planty/app/public/wp-content/plugins/essential-addons-for-elementor-lite/includes/Elements/Contact_Form_7.php on line 1733
[15-Aug-2024 13:33:06 UTC] PHP Warning:  Undefined array key "eael_contact_form_alignment" in /Users/samira/Local Sites/planty/app/public/wp-content/plugins/essential-addons-for-elementor-lite/includes/Elements/Contact_Form_7.php on line 1735
[15-Aug-2024 16:54:07 UTC] PHP Warning:  Undefined array key "eael_contact_form_alignment" in /Users/samira/Local Sites/planty/app/public/wp-content/plugins/essential-addons-for-elementor-lite/includes/Elements/Contact_Form_7.php on line 1731
[15-Aug-2024 16:54:07 UTC] PHP Warning:  Undefined array key "eael_contact_form_alignment" in /Users/samira/Local Sites/planty/app/public/wp-content/plugins/essential-addons-for-elementor-lite/includes/Elements/Contact_Form_7.php on line 1733
[15-Aug-2024 16:54:07 UTC] PHP Warning:  Undefined array key "eael_contact_form_alignment" in /Users/samira/Local Sites/planty/app/public/wp-content/plugins/essential-addons-for-elementor-lite/includes/Elements/Contact_Form_7.php on line 1735
[15-Aug-2024 16:56:35 UTC] PHP Warning:  Undefined array key "eael_contact_form_alignment" in /Users/samira/Local Sites/planty/app/public/wp-content/plugins/essential-addons-for-elementor-lite/includes/Elements/Contact_Form_7.php on line 1731
[15-Aug-2024 16:56:35 UTC] PHP Warning:  Undefined array key "eael_contact_form_alignment" in /Users/samira/Local Sites/planty/app/public/wp-content/plugins/essential-addons-for-elementor-lite/includes/Elements/Contact_Form_7.php on line 1733
[15-Aug-2024 16:56:35 UTC] PHP Warning:  Undefined array key "eael_contact_form_alignment" in /Users/samira/Local Sites/planty/app/public/wp-content/plugins/essential-addons-for-elementor-lite/includes/Elements/Contact_Form_7.php on line 1735
[15-Aug-2024 16:58:17 UTC] PHP Warning:  Undefined array key "eael_contact_form_alignment" in /Users/samira/Local Sites/planty/app/public/wp-content/plugins/essential-addons-for-elementor-lite/includes/Elements/Contact_Form_7.php on line 1731
[15-Aug-2024 16:58:17 UTC] PHP Warning:  Undefined array key "eael_contact_form_alignment" in /Users/samira/Local Sites/planty/app/public/wp-content/plugins/essential-addons-for-elementor-lite/includes/Elements/Contact_Form_7.php on line 1733
[15-Aug-2024 16:58:17 UTC] PHP Warning:  Undefined array key "eael_contact_form_alignment" in /Users/samira/Local Sites/planty/app/public/wp-content/plugins/essential-addons-for-elementor-lite/includes/Elements/Contact_Form_7.php on line 1735
[15-Aug-2024 17:04:20 UTC] Cron reschedule event error for hook: action_scheduler_run_queue, Error code: could_not_set, Error message: The cron event list could not be saved., Data: {"schedule":"every_minute","args":["WP Cron"],"interval":60}
[15-Aug-2024 17:05:29 UTC] PHP Warning:  Undefined array key "eael_contact_form_alignment" in /Users/samira/Local Sites/planty/app/public/wp-content/plugins/essential-addons-for-elementor-lite/includes/Elements/Contact_Form_7.php on line 1731
[15-Aug-2024 17:05:29 UTC] PHP Warning:  Undefined array key "eael_contact_form_alignment" in /Users/samira/Local Sites/planty/app/public/wp-content/plugins/essential-addons-for-elementor-lite/includes/Elements/Contact_Form_7.php on line 1733
[15-Aug-2024 17:05:29 UTC] PHP Warning:  Undefined array key "eael_contact_form_alignment" in /Users/samira/Local Sites/planty/app/public/wp-content/plugins/essential-addons-for-elementor-lite/includes/Elements/Contact_Form_7.php on line 1735
[15-Aug-2024 17:09:32 UTC] PHP Warning:  Undefined array key "aspect_ratio" in /Users/samira/Local Sites/planty/app/public/wp-content/plugins/elementor/includes/widgets/video.php on line 1074
[15-Aug-2024 17:09:32 UTC] PHP Warning:  Undefined array key "aspect_ratio" in /Users/samira/Local Sites/planty/app/public/wp-content/plugins/elementor/includes/widgets/video.php on line 1074
[15-Aug-2024 17:09:32 UTC] PHP Warning:  Undefined array key "aspect_ratio" in /Users/samira/Local Sites/planty/app/public/wp-content/plugins/elementor/includes/widgets/video.php on line 1074
[15-Aug-2024 17:09:32 UTC] PHP Warning:  Undefined array key "aspect_ratio" in /Users/samira/Local Sites/planty/app/public/wp-content/plugins/elementor/includes/widgets/video.php on line 1074
[15-Aug-2024 17:09:32 UTC] PHP Warning:  Undefined array key "aspect_ratio" in /Users/samira/Local Sites/planty/app/public/wp-content/plugins/elementor/includes/widgets/video.php on line 1074
[15-Aug-2024 17:09:32 UTC] PHP Warning:  Undefined array key "aspect_ratio" in /Users/samira/Local Sites/planty/app/public/wp-content/plugins/elementor/includes/widgets/video.php on line 1074
[15-Aug-2024 17:09:32 UTC] PHP Warning:  Undefined array key "aspect_ratio" in /Users/samira/Local Sites/planty/app/public/wp-content/plugins/elementor/includes/widgets/video.php on line 1074
[15-Aug-2024 17:09:32 UTC] PHP Warning:  Undefined array key "aspect_ratio" in /Users/samira/Local Sites/planty/app/public/wp-content/plugins/elementor/includes/widgets/video.php on line 1074
[15-Aug-2024 17:09:32 UTC] PHP Warning:  Undefined array key "aspect_ratio" in /Users/samira/Local Sites/planty/app/public/wp-content/plugins/elementor/includes/widgets/video.php on line 1074
[15-Aug-2024 17:09:32 UTC] PHP Warning:  Undefined array key "aspect_ratio" in /Users/samira/Local Sites/planty/app/public/wp-content/plugins/elementor/includes/widgets/video.php on line 1074
[15-Aug-2024 17:09:32 UTC] PHP Warning:  Undefined array key "aspect_ratio" in /Users/samira/Local Sites/planty/app/public/wp-content/plugins/elementor/includes/widgets/video.php on line 1074
[15-Aug-2024 17:09:32 UTC] PHP Warning:  Undefined array key "aspect_ratio" in /Users/samira/Local Sites/planty/app/public/wp-content/plugins/elementor/includes/widgets/video.php on line 1074
[15-Aug-2024 17:09:32 UTC] PHP Warning:  Undefined array key "eael_contact_form_alignment" in /Users/samira/Local Sites/planty/app/public/wp-content/plugins/essential-addons-for-elementor-lite/includes/Elements/Contact_Form_7.php on line 1731
[15-Aug-2024 17:09:32 UTC] PHP Warning:  Undefined array key "eael_contact_form_alignment" in /Users/samira/Local Sites/planty/app/public/wp-content/plugins/essential-addons-for-elementor-lite/includes/Elements/Contact_Form_7.php on line 1733
[15-Aug-2024 17:09:32 UTC] PHP Warning:  Undefined array key "eael_contact_form_alignment" in /Users/samira/Local Sites/planty/app/public/wp-content/plugins/essential-addons-for-elementor-lite/includes/Elements/Contact_Form_7.php on line 1735
[15-Aug-2024 17:11:14 UTC] PHP Warning:  Undefined array key "aspect_ratio" in /Users/samira/Local Sites/planty/app/public/wp-content/plugins/elementor/includes/widgets/video.php on line 1074
[15-Aug-2024 17:11:14 UTC] PHP Warning:  Undefined array key "aspect_ratio" in /Users/samira/Local Sites/planty/app/public/wp-content/plugins/elementor/includes/widgets/video.php on line 1074
[15-Aug-2024 17:11:14 UTC] PHP Warning:  Undefined array key "aspect_ratio" in /Users/samira/Local Sites/planty/app/public/wp-content/plugins/elementor/includes/widgets/video.php on line 1074
[15-Aug-2024 17:11:14 UTC] PHP Warning:  Undefined array key "aspect_ratio" in /Users/samira/Local Sites/planty/app/public/wp-content/plugins/elementor/includes/widgets/video.php on line 1074
[15-Aug-2024 17:11:14 UTC] PHP Warning:  Undefined array key "eael_contact_form_alignment" in /Users/samira/Local Sites/planty/app/public/wp-content/plugins/essential-addons-for-elementor-lite/includes/Elements/Contact_Form_7.php on line 1731
[15-Aug-2024 17:11:14 UTC] PHP Warning:  Undefined array key "eael_contact_form_alignment" in /Users/samira/Local Sites/planty/app/public/wp-content/plugins/essential-addons-for-elementor-lite/includes/Elements/Contact_Form_7.php on line 1733
[15-Aug-2024 17:11:14 UTC] PHP Warning:  Undefined array key "eael_contact_form_alignment" in /Users/samira/Local Sites/planty/app/public/wp-content/plugins/essential-addons-for-elementor-lite/includes/Elements/Contact_Form_7.php on line 1735
[15-Aug-2024 17:13:54 UTC] PHP Warning:  Trying to access array offset on value of type null in /Users/samira/Local Sites/planty/app/public/wp-content/plugins/elementor/includes/widgets/video.php on line 1185
[15-Aug-2024 17:16:06 UTC] PHP Warning:  Undefined array key "eael_contact_form_alignment" in /Users/samira/Local Sites/planty/app/public/wp-content/plugins/essential-addons-for-elementor-lite/includes/Elements/Contact_Form_7.php on line 1731
[15-Aug-2024 17:16:06 UTC] PHP Warning:  Undefined array key "eael_contact_form_alignment" in /Users/samira/Local Sites/planty/app/public/wp-content/plugins/essential-addons-for-elementor-lite/includes/Elements/Contact_Form_7.php on line 1733
[15-Aug-2024 17:16:06 UTC] PHP Warning:  Undefined array key "eael_contact_form_alignment" in /Users/samira/Local Sites/planty/app/public/wp-content/plugins/essential-addons-for-elementor-lite/includes/Elements/Contact_Form_7.php on line 1735
[15-Aug-2024 17:18:29 UTC] PHP Warning:  Undefined array key "eael_contact_form_alignment" in /Users/samira/Local Sites/planty/app/public/wp-content/plugins/essential-addons-for-elementor-lite/includes/Elements/Contact_Form_7.php on line 1731
[15-Aug-2024 17:18:29 UTC] PHP Warning:  Undefined array key "eael_contact_form_alignment" in /Users/samira/Local Sites/planty/app/public/wp-content/plugins/essential-addons-for-elementor-lite/includes/Elements/Contact_Form_7.php on line 1733
[15-Aug-2024 17:18:29 UTC] PHP Warning:  Undefined array key "eael_contact_form_alignment" in /Users/samira/Local Sites/planty/app/public/wp-content/plugins/essential-addons-for-elementor-lite/includes/Elements/Contact_Form_7.php on line 1735
[15-Aug-2024 17:26:08 UTC] PHP Warning:  Undefined array key "eael_contact_form_alignment" in /Users/samira/Local Sites/planty/app/public/wp-content/plugins/essential-addons-for-elementor-lite/includes/Elements/Contact_Form_7.php on line 1731
[15-Aug-2024 17:26:08 UTC] PHP Warning:  Undefined array key "eael_contact_form_alignment" in /Users/samira/Local Sites/planty/app/public/wp-content/plugins/essential-addons-for-elementor-lite/includes/Elements/Contact_Form_7.php on line 1733
[15-Aug-2024 17:26:08 UTC] PHP Warning:  Undefined array key "eael_contact_form_alignment" in /Users/samira/Local Sites/planty/app/public/wp-content/plugins/essential-addons-for-elementor-lite/includes/Elements/Contact_Form_7.php on line 1735
[15-Aug-2024 17:26:12 UTC] PHP Warning:  Undefined array key 0 in /Users/samira/Local Sites/planty/app/public/wp-content/plugins/templately/includes/Builder/Widgets/Featured_Image.php on line 267
[15-Aug-2024 17:26:12 UTC] PHP Warning:  Attempt to read property "ID" on null in /Users/samira/Local Sites/planty/app/public/wp-content/plugins/templately/includes/Builder/Widgets/Featured_Image.php on line 267
[15-Aug-2024 17:26:30 UTC] PHP Warning:  Undefined array key 0 in /Users/samira/Local Sites/planty/app/public/wp-content/plugins/templately/includes/Builder/Widgets/Featured_Image.php on line 267
[15-Aug-2024 17:26:30 UTC] PHP Warning:  Attempt to read property "ID" on null in /Users/samira/Local Sites/planty/app/public/wp-content/plugins/templately/includes/Builder/Widgets/Featured_Image.php on line 267
[15-Aug-2024 17:26:31 UTC] PHP Warning:  Undefined array key 0 in /Users/samira/Local Sites/planty/app/public/wp-content/plugins/templately/includes/Builder/Widgets/Featured_Image.php on line 267
[15-Aug-2024 17:26:31 UTC] PHP Warning:  Attempt to read property "ID" on null in /Users/samira/Local Sites/planty/app/public/wp-content/plugins/templately/includes/Builder/Widgets/Featured_Image.php on line 267
[15-Aug-2024 17:26:45 UTC] PHP Warning:  Undefined array key 0 in /Users/samira/Local Sites/planty/app/public/wp-content/plugins/templately/includes/Builder/Widgets/Featured_Image.php on line 267
[15-Aug-2024 17:26:45 UTC] PHP Warning:  Attempt to read property "ID" on null in /Users/samira/Local Sites/planty/app/public/wp-content/plugins/templately/includes/Builder/Widgets/Featured_Image.php on line 267
[15-Aug-2024 17:30:26 UTC] Cron reschedule event error for hook: action_scheduler_run_queue, Error code: could_not_set, Error message: The cron event list could not be saved., Data: {"schedule":"every_minute","args":["WP Cron"],"interval":60}
[15-Aug-2024 17:46:23 UTC] PHP Warning:  Undefined array key "eael_contact_form_alignment" in /Users/samira/Local Sites/planty/app/public/wp-content/plugins/essential-addons-for-elementor-lite/includes/Elements/Contact_Form_7.php on line 1731
[15-Aug-2024 17:46:23 UTC] PHP Warning:  Undefined array key "eael_contact_form_alignment" in /Users/samira/Local Sites/planty/app/public/wp-content/plugins/essential-addons-for-elementor-lite/includes/Elements/Contact_Form_7.php on line 1733
[15-Aug-2024 17:46:23 UTC] PHP Warning:  Undefined array key "eael_contact_form_alignment" in /Users/samira/Local Sites/planty/app/public/wp-content/plugins/essential-addons-for-elementor-lite/includes/Elements/Contact_Form_7.php on line 1735
[15-Aug-2024 17:47:09 UTC] PHP Warning:  Undefined array key "eael_contact_form_alignment" in /Users/samira/Local Sites/planty/app/public/wp-content/plugins/essential-addons-for-elementor-lite/includes/Elements/Contact_Form_7.php on line 1731
[15-Aug-2024 17:47:09 UTC] PHP Warning:  Undefined array key "eael_contact_form_alignment" in /Users/samira/Local Sites/planty/app/public/wp-content/plugins/essential-addons-for-elementor-lite/includes/Elements/Contact_Form_7.php on line 1733
[15-Aug-2024 17:47:09 UTC] PHP Warning:  Undefined array key "eael_contact_form_alignment" in /Users/samira/Local Sites/planty/app/public/wp-content/plugins/essential-addons-for-elementor-lite/includes/Elements/Contact_Form_7.php on line 1735
[15-Aug-2024 17:48:06 UTC] PHP Warning:  Undefined array key "eael_contact_form_alignment" in /Users/samira/Local Sites/planty/app/public/wp-content/plugins/essential-addons-for-elementor-lite/includes/Elements/Contact_Form_7.php on line 1731
[15-Aug-2024 17:48:06 UTC] PHP Warning:  Undefined array key "eael_contact_form_alignment" in /Users/samira/Local Sites/planty/app/public/wp-content/plugins/essential-addons-for-elementor-lite/includes/Elements/Contact_Form_7.php on line 1733
[15-Aug-2024 17:48:06 UTC] PHP Warning:  Undefined array key "eael_contact_form_alignment" in /Users/samira/Local Sites/planty/app/public/wp-content/plugins/essential-addons-for-elementor-lite/includes/Elements/Contact_Form_7.php on line 1735
[15-Aug-2024 17:52:45 UTC] PHP Warning:  Undefined array key "eael_contact_form_alignment" in /Users/samira/Local Sites/planty/app/public/wp-content/plugins/essential-addons-for-elementor-lite/includes/Elements/Contact_Form_7.php on line 1731
[15-Aug-2024 17:52:45 UTC] PHP Warning:  Undefined array key "eael_contact_form_alignment" in /Users/samira/Local Sites/planty/app/public/wp-content/plugins/essential-addons-for-elementor-lite/includes/Elements/Contact_Form_7.php on line 1733
[15-Aug-2024 17:52:45 UTC] PHP Warning:  Undefined array key "eael_contact_form_alignment" in /Users/samira/Local Sites/planty/app/public/wp-content/plugins/essential-addons-for-elementor-lite/includes/Elements/Contact_Form_7.php on line 1735
[16-Aug-2024 11:34:46 UTC] PHP Warning:  Undefined array key "eael_contact_form_alignment" in /Users/samira/Local Sites/planty/app/public/wp-content/plugins/essential-addons-for-elementor-lite/includes/Elements/Contact_Form_7.php on line 1731
[16-Aug-2024 11:34:46 UTC] PHP Warning:  Undefined array key "eael_contact_form_alignment" in /Users/samira/Local Sites/planty/app/public/wp-content/plugins/essential-addons-for-elementor-lite/includes/Elements/Contact_Form_7.php on line 1733
[16-Aug-2024 11:34:46 UTC] PHP Warning:  Undefined array key "eael_contact_form_alignment" in /Users/samira/Local Sites/planty/app/public/wp-content/plugins/essential-addons-for-elementor-lite/includes/Elements/Contact_Form_7.php on line 1735
[16-Aug-2024 11:35:07 UTC] PHP Warning:  Undefined array key "eael_contact_form_alignment" in /Users/samira/Local Sites/planty/app/public/wp-content/plugins/essential-addons-for-elementor-lite/includes/Elements/Contact_Form_7.php on line 1731
[16-Aug-2024 11:35:07 UTC] PHP Warning:  Undefined array key "eael_contact_form_alignment" in /Users/samira/Local Sites/planty/app/public/wp-content/plugins/essential-addons-for-elementor-lite/includes/Elements/Contact_Form_7.php on line 1733
[16-Aug-2024 11:35:07 UTC] PHP Warning:  Undefined array key "eael_contact_form_alignment" in /Users/samira/Local Sites/planty/app/public/wp-content/plugins/essential-addons-for-elementor-lite/includes/Elements/Contact_Form_7.php on line 1735
[16-Aug-2024 11:39:32 UTC] Cron reschedule event error for hook: action_scheduler_run_queue, Error code: could_not_set, Error message: The cron event list could not be saved., Data: {"schedule":"every_minute","args":["WP Cron"],"interval":60}
[16-Aug-2024 11:40:26 UTC] PHP Warning:  Undefined array key "eael_contact_form_alignment" in /Users/samira/Local Sites/planty/app/public/wp-content/plugins/essential-addons-for-elementor-lite/includes/Elements/Contact_Form_7.php on line 1731
[16-Aug-2024 11:40:26 UTC] PHP Warning:  Undefined array key "eael_contact_form_alignment" in /Users/samira/Local Sites/planty/app/public/wp-content/plugins/essential-addons-for-elementor-lite/includes/Elements/Contact_Form_7.php on line 1733
[16-Aug-2024 11:40:26 UTC] PHP Warning:  Undefined array key "eael_contact_form_alignment" in /Users/samira/Local Sites/planty/app/public/wp-content/plugins/essential-addons-for-elementor-lite/includes/Elements/Contact_Form_7.php on line 1735
[16-Aug-2024 11:44:48 UTC] PHP Warning:  Undefined array key "eael_contact_form_alignment" in /Users/samira/Local Sites/planty/app/public/wp-content/plugins/essential-addons-for-elementor-lite/includes/Elements/Contact_Form_7.php on line 1731
[16-Aug-2024 11:44:48 UTC] PHP Warning:  Undefined array key "eael_contact_form_alignment" in /Users/samira/Local Sites/planty/app/public/wp-content/plugins/essential-addons-for-elementor-lite/includes/Elements/Contact_Form_7.php on line 1733
[16-Aug-2024 11:44:48 UTC] PHP Warning:  Undefined array key "eael_contact_form_alignment" in /Users/samira/Local Sites/planty/app/public/wp-content/plugins/essential-addons-for-elementor-lite/includes/Elements/Contact_Form_7.php on line 1735
[16-Aug-2024 11:47:30 UTC] Cron reschedule event error for hook: wp_update_plugins, Error code: could_not_set, Error message: The cron event list could not be saved., Data: {"schedule":"twicedaily","args":[],"interval":43200}
[16-Aug-2024 11:51:24 UTC] PHP Warning:  Undefined array key 0 in /Users/samira/Local Sites/planty/app/public/wp-content/plugins/templately/includes/Builder/Widgets/Post_Title.php on line 107
[16-Aug-2024 11:51:24 UTC] PHP Warning:  Attempt to read property "ID" on null in /Users/samira/Local Sites/planty/app/public/wp-content/plugins/templately/includes/Builder/Widgets/Post_Title.php on line 107
[16-Aug-2024 11:51:29 UTC] PHP Warning:  Undefined array key 0 in /Users/samira/Local Sites/planty/app/public/wp-content/plugins/templately/includes/Builder/Widgets/Post_Title.php on line 107
[16-Aug-2024 11:51:29 UTC] PHP Warning:  Attempt to read property "ID" on null in /Users/samira/Local Sites/planty/app/public/wp-content/plugins/templately/includes/Builder/Widgets/Post_Title.php on line 107
[16-Aug-2024 12:33:46 UTC] PHP Warning:  Undefined variable $social_initial_state in /Users/samira/Local Sites/planty/app/public/wp-content/plugins/jetpack/class.jetpack-gutenberg.php on line 776
[16-Aug-2024 12:33:46 UTC] PHP Warning:  Trying to access array offset on value of type null in /Users/samira/Local Sites/planty/app/public/wp-content/plugins/jetpack/class.jetpack-gutenberg.php on line 776
[16-Aug-2024 12:35:09 UTC] PHP Warning:  Undefined variable $social_initial_state in /Users/samira/Local Sites/planty/app/public/wp-content/plugins/jetpack/class.jetpack-gutenberg.php on line 776
[16-Aug-2024 12:35:09 UTC] PHP Warning:  Trying to access array offset on value of type null in /Users/samira/Local Sites/planty/app/public/wp-content/plugins/jetpack/class.jetpack-gutenberg.php on line 776
[16-Aug-2024 12:38:11 UTC] PHP Warning:  Undefined array key "erase_plugin_data" in /Users/samira/Local Sites/planty/app/public/wp-content/plugins/pinterest-for-woocommerce/uninstall.php on line 37
[16-Aug-2024 13:11:48 UTC] PHP Warning:  Trying to access array offset on value of type bool in /Users/samira/Local Sites/planty/app/public/wp-content/plugins/elementor/includes/managers/image.php on line 113
[16-Aug-2024 13:11:48 UTC] PHP Warning:  Trying to access array offset on value of type bool in /Users/samira/Local Sites/planty/app/public/wp-content/plugins/elementor/includes/managers/image.php on line 113
[16-Aug-2024 13:11:48 UTC] PHP Warning:  Trying to access array offset on value of type bool in /Users/samira/Local Sites/planty/app/public/wp-content/plugins/elementor/includes/managers/image.php on line 113
[16-Aug-2024 13:11:48 UTC] PHP Warning:  Trying to access array offset on value of type bool in /Users/samira/Local Sites/planty/app/public/wp-content/plugins/elementor/includes/managers/image.php on line 113
[16-Aug-2024 13:11:48 UTC] PHP Warning:  Trying to access array offset on value of type bool in /Users/samira/Local Sites/planty/app/public/wp-content/plugins/elementor/includes/managers/image.php on line 113
[16-Aug-2024 13:11:48 UTC] PHP Warning:  Trying to access array offset on value of type bool in /Users/samira/Local Sites/planty/app/public/wp-content/plugins/elementor/includes/managers/image.php on line 113
[16-Aug-2024 13:11:48 UTC] PHP Warning:  Trying to access array offset on value of type bool in /Users/samira/Local Sites/planty/app/public/wp-content/plugins/elementor/includes/managers/image.php on line 113
[16-Aug-2024 13:11:48 UTC] PHP Warning:  Trying to access array offset on value of type bool in /Users/samira/Local Sites/planty/app/public/wp-content/plugins/elementor/includes/managers/image.php on line 113
[16-Aug-2024 13:11:48 UTC] PHP Warning:  Trying to access array offset on value of type bool in /Users/samira/Local Sites/planty/app/public/wp-content/plugins/elementor/includes/managers/image.php on line 113
[16-Aug-2024 13:11:48 UTC] PHP Warning:  Trying to access array offset on value of type bool in /Users/samira/Local Sites/planty/app/public/wp-content/plugins/elementor/includes/managers/image.php on line 113
[16-Aug-2024 13:11:48 UTC] PHP Warning:  Trying to access array offset on value of type bool in /Users/samira/Local Sites/planty/app/public/wp-content/plugins/elementor/includes/managers/image.php on line 113
[16-Aug-2024 13:11:48 UTC] PHP Warning:  Trying to access array offset on value of type bool in /Users/samira/Local Sites/planty/app/public/wp-content/plugins/elementor/includes/managers/image.php on line 113
[16-Aug-2024 13:11:48 UTC] PHP Warning:  Trying to access array offset on value of type bool in /Users/samira/Local Sites/planty/app/public/wp-content/plugins/elementor/includes/managers/image.php on line 113
[16-Aug-2024 13:11:48 UTC] PHP Warning:  Trying to access array offset on value of type bool in /Users/samira/Local Sites/planty/app/public/wp-content/plugins/elementor/includes/managers/image.php on line 113
[16-Aug-2024 13:11:48 UTC] PHP Warning:  Trying to access array offset on value of type bool in /Users/samira/Local Sites/planty/app/public/wp-content/plugins/elementor/includes/managers/image.php on line 113
[16-Aug-2024 13:11:48 UTC] PHP Warning:  Trying to access array offset on value of type bool in /Users/samira/Local Sites/planty/app/public/wp-content/plugins/elementor/includes/managers/image.php on line 113
[16-Aug-2024 13:11:48 UTC] PHP Warning:  Trying to access array offset on value of type bool in /Users/samira/Local Sites/planty/app/public/wp-content/plugins/elementor/includes/managers/image.php on line 113
[16-Aug-2024 13:11:48 UTC] PHP Warning:  Trying to access array offset on value of type bool in /Users/samira/Local Sites/planty/app/public/wp-content/plugins/elementor/includes/managers/image.php on line 113
[16-Aug-2024 13:11:48 UTC] PHP Warning:  Trying to access array offset on value of type bool in /Users/samira/Local Sites/planty/app/public/wp-content/plugins/elementor/includes/managers/image.php on line 113
[16-Aug-2024 13:11:48 UTC] PHP Warning:  Trying to access array offset on value of type bool in /Users/samira/Local Sites/planty/app/public/wp-content/plugins/elementor/includes/managers/image.php on line 113
[16-Aug-2024 13:11:48 UTC] PHP Warning:  Trying to access array offset on value of type bool in /Users/samira/Local Sites/planty/app/public/wp-content/plugins/elementor/includes/managers/image.php on line 113
[16-Aug-2024 13:11:48 UTC] PHP Warning:  Trying to access array offset on value of type bool in /Users/samira/Local Sites/planty/app/public/wp-content/plugins/elementor/includes/managers/image.php on line 113
[16-Aug-2024 13:11:48 UTC] PHP Warning:  Trying to access array offset on value of type bool in /Users/samira/Local Sites/planty/app/public/wp-content/plugins/elementor/includes/managers/image.php on line 113
[16-Aug-2024 13:11:48 UTC] PHP Warning:  Trying to access array offset on value of type bool in /Users/samira/Local Sites/planty/app/public/wp-content/plugins/elementor/includes/managers/image.php on line 113
[16-Aug-2024 13:11:48 UTC] PHP Warning:  Trying to access array offset on value of type bool in /Users/samira/Local Sites/planty/app/public/wp-content/plugins/elementor/includes/managers/image.php on line 113
[16-Aug-2024 13:11:48 UTC] PHP Warning:  Trying to access array offset on value of type bool in /Users/samira/Local Sites/planty/app/public/wp-content/plugins/elementor/includes/managers/image.php on line 113
[16-Aug-2024 13:11:48 UTC] PHP Warning:  Trying to access array offset on value of type bool in /Users/samira/Local Sites/planty/app/public/wp-content/plugins/elementor/includes/managers/image.php on line 113
[16-Aug-2024 13:11:48 UTC] PHP Warning:  Trying to access array offset on value of type bool in /Users/samira/Local Sites/planty/app/public/wp-content/plugins/elementor/includes/managers/image.php on line 113
[16-Aug-2024 13:20:58 UTC] PHP Warning:  Trying to access array offset on value of type bool in /Users/samira/Local Sites/planty/app/public/wp-content/plugins/elementor/includes/managers/image.php on line 113
[16-Aug-2024 13:20:58 UTC] PHP Warning:  Trying to access array offset on value of type bool in /Users/samira/Local Sites/planty/app/public/wp-content/plugins/elementor/includes/managers/image.php on line 113
[16-Aug-2024 13:51:29 UTC] PHP Warning:  Trying to access array offset on value of type bool in /Users/samira/Local Sites/planty/app/public/wp-content/plugins/elementor/includes/managers/image.php on line 113
[16-Aug-2024 13:51:29 UTC] PHP Warning:  Trying to access array offset on value of type bool in /Users/samira/Local Sites/planty/app/public/wp-content/plugins/elementor/includes/managers/image.php on line 113
[16-Aug-2024 13:51:29 UTC] PHP Warning:  Trying to access array offset on value of type bool in /Users/samira/Local Sites/planty/app/public/wp-content/plugins/elementor/includes/managers/image.php on line 113
[16-Aug-2024 13:51:29 UTC] PHP Warning:  Trying to access array offset on value of type bool in /Users/samira/Local Sites/planty/app/public/wp-content/plugins/elementor/includes/managers/image.php on line 113
[16-Aug-2024 13:51:29 UTC] PHP Warning:  Trying to access array offset on value of type bool in /Users/samira/Local Sites/planty/app/public/wp-content/plugins/elementor/includes/managers/image.php on line 113
[16-Aug-2024 13:51:29 UTC] PHP Warning:  Trying to access array offset on value of type bool in /Users/samira/Local Sites/planty/app/public/wp-content/plugins/elementor/includes/managers/image.php on line 113
[16-Aug-2024 13:51:29 UTC] PHP Warning:  Trying to access array offset on value of type bool in /Users/samira/Local Sites/planty/app/public/wp-content/plugins/elementor/includes/managers/image.php on line 113
[16-Aug-2024 13:51:29 UTC] PHP Warning:  Trying to access array offset on value of type bool in /Users/samira/Local Sites/planty/app/public/wp-content/plugins/elementor/includes/managers/image.php on line 113
[16-Aug-2024 13:51:29 UTC] PHP Warning:  Trying to access array offset on value of type bool in /Users/samira/Local Sites/planty/app/public/wp-content/plugins/elementor/includes/managers/image.php on line 113
[16-Aug-2024 13:51:29 UTC] PHP Warning:  Trying to access array offset on value of type bool in /Users/samira/Local Sites/planty/app/public/wp-content/plugins/elementor/includes/managers/image.php on line 113
[16-Aug-2024 13:51:29 UTC] PHP Warning:  Trying to access array offset on value of type bool in /Users/samira/Local Sites/planty/app/public/wp-content/plugins/elementor/includes/managers/image.php on line 113
[16-Aug-2024 13:51:29 UTC] PHP Warning:  Trying to access array offset on value of type bool in /Users/samira/Local Sites/planty/app/public/wp-content/plugins/elementor/includes/managers/image.php on line 113
[16-Aug-2024 13:51:29 UTC] PHP Warning:  Trying to access array offset on value of type bool in /Users/samira/Local Sites/planty/app/public/wp-content/plugins/elementor/includes/managers/image.php on line 113
[16-Aug-2024 13:51:29 UTC] PHP Warning:  Trying to access array offset on value of type bool in /Users/samira/Local Sites/planty/app/public/wp-content/plugins/elementor/includes/managers/image.php on line 113
[16-Aug-2024 13:51:29 UTC] PHP Warning:  Trying to access array offset on value of type bool in /Users/samira/Local Sites/planty/app/public/wp-content/plugins/elementor/includes/managers/image.php on line 113
[16-Aug-2024 13:51:29 UTC] PHP Warning:  Trying to access array offset on value of type bool in /Users/samira/Local Sites/planty/app/public/wp-content/plugins/elementor/includes/managers/image.php on line 113
[16-Aug-2024 13:51:29 UTC] PHP Warning:  Trying to access array offset on value of type bool in /Users/samira/Local Sites/planty/app/public/wp-content/plugins/elementor/includes/managers/image.php on line 113
[16-Aug-2024 13:51:29 UTC] PHP Warning:  Trying to access array offset on value of type bool in /Users/samira/Local Sites/planty/app/public/wp-content/plugins/elementor/includes/managers/image.php on line 113
[16-Aug-2024 13:51:29 UTC] PHP Warning:  Trying to access array offset on value of type bool in /Users/samira/Local Sites/planty/app/public/wp-content/plugins/elementor/includes/managers/image.php on line 113
[16-Aug-2024 13:51:29 UTC] PHP Warning:  Trying to access array offset on value of type bool in /Users/samira/Local Sites/planty/app/public/wp-content/plugins/elementor/includes/managers/image.php on line 113
[16-Aug-2024 13:51:29 UTC] PHP Warning:  Trying to access array offset on value of type bool in /Users/samira/Local Sites/planty/app/public/wp-content/plugins/elementor/includes/managers/image.php on line 113
[16-Aug-2024 13:51:29 UTC] PHP Warning:  Trying to access array offset on value of type bool in /Users/samira/Local Sites/planty/app/public/wp-content/plugins/elementor/includes/managers/image.php on line 113
[16-Aug-2024 13:51:29 UTC] PHP Warning:  Trying to access array offset on value of type bool in /Users/samira/Local Sites/planty/app/public/wp-content/plugins/elementor/includes/managers/image.php on line 113
[16-Aug-2024 13:51:29 UTC] PHP Warning:  Trying to access array offset on value of type bool in /Users/samira/Local Sites/planty/app/public/wp-content/plugins/elementor/includes/managers/image.php on line 113
[16-Aug-2024 13:51:29 UTC] PHP Warning:  Trying to access array offset on value of type bool in /Users/samira/Local Sites/planty/app/public/wp-content/plugins/elementor/includes/managers/image.php on line 113
[16-Aug-2024 13:51:29 UTC] PHP Warning:  Trying to access array offset on value of type bool in /Users/samira/Local Sites/planty/app/public/wp-content/plugins/elementor/includes/managers/image.php on line 113
[16-Aug-2024 13:51:29 UTC] PHP Warning:  Trying to access array offset on value of type bool in /Users/samira/Local Sites/planty/app/public/wp-content/plugins/elementor/includes/managers/image.php on line 113
[16-Aug-2024 13:51:29 UTC] PHP Warning:  Trying to access array offset on value of type bool in /Users/samira/Local Sites/planty/app/public/wp-content/plugins/elementor/includes/managers/image.php on line 113
[16-Aug-2024 14:21:29 UTC] PHP Warning:  Trying to access array offset on value of type bool in /Users/samira/Local Sites/planty/app/public/wp-content/plugins/elementor/includes/managers/image.php on line 113
[16-Aug-2024 14:21:29 UTC] PHP Warning:  Trying to access array offset on value of type bool in /Users/samira/Local Sites/planty/app/public/wp-content/plugins/elementor/includes/managers/image.php on line 113
[16-Aug-2024 14:21:29 UTC] PHP Warning:  Trying to access array offset on value of type bool in /Users/samira/Local Sites/planty/app/public/wp-content/plugins/elementor/includes/managers/image.php on line 113
[16-Aug-2024 14:21:29 UTC] PHP Warning:  Trying to access array offset on value of type bool in /Users/samira/Local Sites/planty/app/public/wp-content/plugins/elementor/includes/managers/image.php on line 113
[16-Aug-2024 14:21:29 UTC] PHP Warning:  Trying to access array offset on value of type bool in /Users/samira/Local Sites/planty/app/public/wp-content/plugins/elementor/includes/managers/image.php on line 113
[16-Aug-2024 14:21:29 UTC] PHP Warning:  Trying to access array offset on value of type bool in /Users/samira/Local Sites/planty/app/public/wp-content/plugins/elementor/includes/managers/image.php on line 113
[16-Aug-2024 14:21:29 UTC] PHP Warning:  Trying to access array offset on value of type bool in /Users/samira/Local Sites/planty/app/public/wp-content/plugins/elementor/includes/managers/image.php on line 113
[16-Aug-2024 14:21:29 UTC] PHP Warning:  Trying to access array offset on value of type bool in /Users/samira/Local Sites/planty/app/public/wp-content/plugins/elementor/includes/managers/image.php on line 113
[16-Aug-2024 14:21:29 UTC] PHP Warning:  Trying to access array offset on value of type bool in /Users/samira/Local Sites/planty/app/public/wp-content/plugins/elementor/includes/managers/image.php on line 113
[16-Aug-2024 14:21:29 UTC] PHP Warning:  Trying to access array offset on value of type bool in /Users/samira/Local Sites/planty/app/public/wp-content/plugins/elementor/includes/managers/image.php on line 113
[16-Aug-2024 14:21:29 UTC] PHP Warning:  Trying to access array offset on value of type bool in /Users/samira/Local Sites/planty/app/public/wp-content/plugins/elementor/includes/managers/image.php on line 113
[16-Aug-2024 14:21:29 UTC] PHP Warning:  Trying to access array offset on value of type bool in /Users/samira/Local Sites/planty/app/public/wp-content/plugins/elementor/includes/managers/image.php on line 113
[16-Aug-2024 14:21:29 UTC] PHP Warning:  Trying to access array offset on value of type bool in /Users/samira/Local Sites/planty/app/public/wp-content/plugins/elementor/includes/managers/image.php on line 113
[16-Aug-2024 14:21:29 UTC] PHP Warning:  Trying to access array offset on value of type bool in /Users/samira/Local Sites/planty/app/public/wp-content/plugins/elementor/includes/managers/image.php on line 113
[16-Aug-2024 14:21:29 UTC] PHP Warning:  Trying to access array offset on value of type bool in /Users/samira/Local Sites/planty/app/public/wp-content/plugins/elementor/includes/managers/image.php on line 113
[16-Aug-2024 14:21:29 UTC] PHP Warning:  Trying to access array offset on value of type bool in /Users/samira/Local Sites/planty/app/public/wp-content/plugins/elementor/includes/managers/image.php on line 113
[16-Aug-2024 14:21:29 UTC] PHP Warning:  Trying to access array offset on value of type bool in /Users/samira/Local Sites/planty/app/public/wp-content/plugins/elementor/includes/managers/image.php on line 113
[16-Aug-2024 14:21:29 UTC] PHP Warning:  Trying to access array offset on value of type bool in /Users/samira/Local Sites/planty/app/public/wp-content/plugins/elementor/includes/managers/image.php on line 113
[16-Aug-2024 14:21:29 UTC] PHP Warning:  Trying to access array offset on value of type bool in /Users/samira/Local Sites/planty/app/public/wp-content/plugins/elementor/includes/managers/image.php on line 113
[16-Aug-2024 14:21:29 UTC] PHP Warning:  Trying to access array offset on value of type bool in /Users/samira/Local Sites/planty/app/public/wp-content/plugins/elementor/includes/managers/image.php on line 113
[16-Aug-2024 14:21:29 UTC] PHP Warning:  Trying to access array offset on value of type bool in /Users/samira/Local Sites/planty/app/public/wp-content/plugins/elementor/includes/managers/image.php on line 113
[16-Aug-2024 14:21:29 UTC] PHP Warning:  Trying to access array offset on value of type bool in /Users/samira/Local Sites/planty/app/public/wp-content/plugins/elementor/includes/managers/image.php on line 113
[16-Aug-2024 14:21:29 UTC] PHP Warning:  Trying to access array offset on value of type bool in /Users/samira/Local Sites/planty/app/public/wp-content/plugins/elementor/includes/managers/image.php on line 113
[16-Aug-2024 14:21:29 UTC] PHP Warning:  Trying to access array offset on value of type bool in /Users/samira/Local Sites/planty/app/public/wp-content/plugins/elementor/includes/managers/image.php on line 113
[16-Aug-2024 14:21:29 UTC] PHP Warning:  Trying to access array offset on value of type bool in /Users/samira/Local Sites/planty/app/public/wp-content/plugins/elementor/includes/managers/image.php on line 113
[16-Aug-2024 14:21:29 UTC] PHP Warning:  Trying to access array offset on value of type bool in /Users/samira/Local Sites/planty/app/public/wp-content/plugins/elementor/includes/managers/image.php on line 113
[16-Aug-2024 14:21:29 UTC] PHP Warning:  Trying to access array offset on value of type bool in /Users/samira/Local Sites/planty/app/public/wp-content/plugins/elementor/includes/managers/image.php on line 113
[16-Aug-2024 14:21:29 UTC] PHP Warning:  Trying to access array offset on value of type bool in /Users/samira/Local Sites/planty/app/public/wp-content/plugins/elementor/includes/managers/image.php on line 113
[17-Aug-2024 21:10:42 UTC] Cron reschedule event error for hook: action_scheduler_run_queue, Error code: could_not_set, Error message: The cron event list could not be saved., Data: {"schedule":"every_minute","args":["WP Cron"],"interval":60}
[23-Aug-2024 13:00:55 UTC] PHP Warning:  Trying to access array offset on value of type bool in /Users/samira/Local Sites/planty/app/public/wp-content/plugins/elementor/includes/managers/image.php on line 113
[23-Aug-2024 13:00:55 UTC] PHP Warning:  Trying to access array offset on value of type bool in /Users/samira/Local Sites/planty/app/public/wp-content/plugins/elementor/includes/managers/image.php on line 113
[23-Aug-2024 13:00:55 UTC] PHP Warning:  Trying to access array offset on value of type bool in /Users/samira/Local Sites/planty/app/public/wp-content/plugins/elementor/includes/managers/image.php on line 113
[23-Aug-2024 13:00:55 UTC] PHP Warning:  Trying to access array offset on value of type bool in /Users/samira/Local Sites/planty/app/public/wp-content/plugins/elementor/includes/managers/image.php on line 113
[23-Aug-2024 13:00:55 UTC] PHP Warning:  Trying to access array offset on value of type bool in /Users/samira/Local Sites/planty/app/public/wp-content/plugins/elementor/includes/managers/image.php on line 113
[23-Aug-2024 13:00:55 UTC] PHP Warning:  Trying to access array offset on value of type bool in /Users/samira/Local Sites/planty/app/public/wp-content/plugins/elementor/includes/managers/image.php on line 113
[23-Aug-2024 13:00:55 UTC] PHP Warning:  Trying to access array offset on value of type bool in /Users/samira/Local Sites/planty/app/public/wp-content/plugins/elementor/includes/managers/image.php on line 113
[23-Aug-2024 13:00:55 UTC] PHP Warning:  Trying to access array offset on value of type bool in /Users/samira/Local Sites/planty/app/public/wp-content/plugins/elementor/includes/managers/image.php on line 113
[23-Aug-2024 13:00:55 UTC] PHP Warning:  Trying to access array offset on value of type bool in /Users/samira/Local Sites/planty/app/public/wp-content/plugins/elementor/includes/managers/image.php on line 113
[23-Aug-2024 13:00:55 UTC] PHP Warning:  Trying to access array offset on value of type bool in /Users/samira/Local Sites/planty/app/public/wp-content/plugins/elementor/includes/managers/image.php on line 113
[23-Aug-2024 13:00:55 UTC] PHP Warning:  Trying to access array offset on value of type bool in /Users/samira/Local Sites/planty/app/public/wp-content/plugins/elementor/includes/managers/image.php on line 113
[23-Aug-2024 13:00:55 UTC] PHP Warning:  Trying to access array offset on value of type bool in /Users/samira/Local Sites/planty/app/public/wp-content/plugins/elementor/includes/managers/image.php on line 113
[23-Aug-2024 13:00:55 UTC] PHP Warning:  Trying to access array offset on value of type bool in /Users/samira/Local Sites/planty/app/public/wp-content/plugins/elementor/includes/managers/image.php on line 113
[23-Aug-2024 13:00:55 UTC] PHP Warning:  Trying to access array offset on value of type bool in /Users/samira/Local Sites/planty/app/public/wp-content/plugins/elementor/includes/managers/image.php on line 113
[23-Aug-2024 13:00:55 UTC] PHP Warning:  Trying to access array offset on value of type bool in /Users/samira/Local Sites/planty/app/public/wp-content/plugins/elementor/includes/managers/image.php on line 113
[23-Aug-2024 13:00:55 UTC] PHP Warning:  Trying to access array offset on value of type bool in /Users/samira/Local Sites/planty/app/public/wp-content/plugins/elementor/includes/managers/image.php on line 113
[23-Aug-2024 13:00:55 UTC] PHP Warning:  Trying to access array offset on value of type bool in /Users/samira/Local Sites/planty/app/public/wp-content/plugins/elementor/includes/managers/image.php on line 113
[23-Aug-2024 13:00:55 UTC] PHP Warning:  Trying to access array offset on value of type bool in /Users/samira/Local Sites/planty/app/public/wp-content/plugins/elementor/includes/managers/image.php on line 113
[23-Aug-2024 13:00:55 UTC] PHP Warning:  Trying to access array offset on value of type bool in /Users/samira/Local Sites/planty/app/public/wp-content/plugins/elementor/includes/managers/image.php on line 113
[23-Aug-2024 13:00:55 UTC] PHP Warning:  Trying to access array offset on value of type bool in /Users/samira/Local Sites/planty/app/public/wp-content/plugins/elementor/includes/managers/image.php on line 113
[23-Aug-2024 13:00:55 UTC] PHP Warning:  Trying to access array offset on value of type bool in /Users/samira/Local Sites/planty/app/public/wp-content/plugins/elementor/includes/managers/image.php on line 113
[23-Aug-2024 13:00:55 UTC] PHP Warning:  Trying to access array offset on value of type bool in /Users/samira/Local Sites/planty/app/public/wp-content/plugins/elementor/includes/managers/image.php on line 113
[23-Aug-2024 13:00:55 UTC] PHP Warning:  Trying to access array offset on value of type bool in /Users/samira/Local Sites/planty/app/public/wp-content/plugins/elementor/includes/managers/image.php on line 113
[23-Aug-2024 13:00:55 UTC] PHP Warning:  Trying to access array offset on value of type bool in /Users/samira/Local Sites/planty/app/public/wp-content/plugins/elementor/includes/managers/image.php on line 113
[23-Aug-2024 13:00:55 UTC] PHP Warning:  Trying to access array offset on value of type bool in /Users/samira/Local Sites/planty/app/public/wp-content/plugins/elementor/includes/managers/image.php on line 113
[23-Aug-2024 13:00:55 UTC] PHP Warning:  Trying to access array offset on value of type bool in /Users/samira/Local Sites/planty/app/public/wp-content/plugins/elementor/includes/managers/image.php on line 113
[23-Aug-2024 13:00:55 UTC] PHP Warning:  Trying to access array offset on value of type bool in /Users/samira/Local Sites/planty/app/public/wp-content/plugins/elementor/includes/managers/image.php on line 113
[23-Aug-2024 13:00:55 UTC] PHP Warning:  Trying to access array offset on value of type bool in /Users/samira/Local Sites/planty/app/public/wp-content/plugins/elementor/includes/managers/image.php on line 113
[23-Aug-2024 13:00:55 UTC] PHP Warning:  Trying to access array offset on value of type bool in /Users/samira/Local Sites/planty/app/public/wp-content/plugins/elementor/includes/managers/image.php on line 113
[23-Aug-2024 13:00:55 UTC] PHP Warning:  Trying to access array offset on value of type bool in /Users/samira/Local Sites/planty/app/public/wp-content/plugins/elementor/includes/managers/image.php on line 113
[23-Aug-2024 13:00:55 UTC] PHP Warning:  Trying to access array offset on value of type bool in /Users/samira/Local Sites/planty/app/public/wp-content/plugins/elementor/includes/managers/image.php on line 113
[23-Aug-2024 13:00:55 UTC] PHP Warning:  Trying to access array offset on value of type bool in /Users/samira/Local Sites/planty/app/public/wp-content/plugins/elementor/includes/managers/image.php on line 113
[23-Aug-2024 13:00:55 UTC] PHP Warning:  Trying to access array offset on value of type bool in /Users/samira/Local Sites/planty/app/public/wp-content/plugins/elementor/includes/managers/image.php on line 113
[23-Aug-2024 13:00:55 UTC] PHP Warning:  Trying to access array offset on value of type bool in /Users/samira/Local Sites/planty/app/public/wp-content/plugins/elementor/includes/managers/image.php on line 113
[23-Aug-2024 13:00:55 UTC] PHP Warning:  Trying to access array offset on value of type bool in /Users/samira/Local Sites/planty/app/public/wp-content/plugins/elementor/includes/managers/image.php on line 113
[23-Aug-2024 13:00:55 UTC] PHP Warning:  Trying to access array offset on value of type bool in /Users/samira/Local Sites/planty/app/public/wp-content/plugins/elementor/includes/managers/image.php on line 113
[23-Aug-2024 13:00:55 UTC] PHP Warning:  Trying to access array offset on value of type bool in /Users/samira/Local Sites/planty/app/public/wp-content/plugins/elementor/includes/managers/image.php on line 113
[23-Aug-2024 13:00:55 UTC] PHP Warning:  Trying to access array offset on value of type bool in /Users/samira/Local Sites/planty/app/public/wp-content/plugins/elementor/includes/managers/image.php on line 113
[23-Aug-2024 13:00:55 UTC] PHP Warning:  Trying to access array offset on value of type bool in /Users/samira/Local Sites/planty/app/public/wp-content/plugins/elementor/includes/managers/image.php on line 113
[23-Aug-2024 13:00:55 UTC] PHP Warning:  Trying to access array offset on value of type bool in /Users/samira/Local Sites/planty/app/public/wp-content/plugins/elementor/includes/managers/image.php on line 113
[23-Aug-2024 13:00:55 UTC] PHP Warning:  Trying to access array offset on value of type bool in /Users/samira/Local Sites/planty/app/public/wp-content/plugins/elementor/includes/managers/image.php on line 113
[23-Aug-2024 13:00:55 UTC] PHP Warning:  Trying to access array offset on value of type bool in /Users/samira/Local Sites/planty/app/public/wp-content/plugins/elementor/includes/managers/image.php on line 113
[23-Aug-2024 13:00:55 UTC] PHP Warning:  Trying to access array offset on value of type bool in /Users/samira/Local Sites/planty/app/public/wp-content/plugins/elementor/includes/managers/image.php on line 113
[23-Aug-2024 13:00:55 UTC] PHP Warning:  Trying to access array offset on value of type bool in /Users/samira/Local Sites/planty/app/public/wp-content/plugins/elementor/includes/managers/image.php on line 113
[23-Aug-2024 13:00:55 UTC] PHP Warning:  Trying to access array offset on value of type bool in /Users/samira/Local Sites/planty/app/public/wp-content/plugins/elementor/includes/managers/image.php on line 113
[23-Aug-2024 13:00:55 UTC] PHP Warning:  Trying to access array offset on value of type bool in /Users/samira/Local Sites/planty/app/public/wp-content/plugins/elementor/includes/managers/image.php on line 113
[23-Aug-2024 13:00:55 UTC] PHP Warning:  Trying to access array offset on value of type bool in /Users/samira/Local Sites/planty/app/public/wp-content/plugins/elementor/includes/managers/image.php on line 113
[23-Aug-2024 13:00:55 UTC] PHP Warning:  Trying to access array offset on value of type bool in /Users/samira/Local Sites/planty/app/public/wp-content/plugins/elementor/includes/managers/image.php on line 113
[23-Aug-2024 13:00:55 UTC] PHP Warning:  Trying to access array offset on value of type bool in /Users/samira/Local Sites/planty/app/public/wp-content/plugins/elementor/includes/managers/image.php on line 113
[23-Aug-2024 13:00:55 UTC] PHP Warning:  Trying to access array offset on value of type bool in /Users/samira/Local Sites/planty/app/public/wp-content/plugins/elementor/includes/managers/image.php on line 113
[23-Aug-2024 13:00:55 UTC] PHP Warning:  Trying to access array offset on value of type bool in /Users/samira/Local Sites/planty/app/public/wp-content/plugins/elementor/includes/managers/image.php on line 113
[23-Aug-2024 13:00:55 UTC] PHP Warning:  Trying to access array offset on value of type bool in /Users/samira/Local Sites/planty/app/public/wp-content/plugins/elementor/includes/managers/image.php on line 113
[23-Aug-2024 13:00:55 UTC] PHP Warning:  Trying to access array offset on value of type bool in /Users/samira/Local Sites/planty/app/public/wp-content/plugins/elementor/includes/managers/image.php on line 113
[23-Aug-2024 13:00:55 UTC] PHP Warning:  Trying to access array offset on value of type bool in /Users/samira/Local Sites/planty/app/public/wp-content/plugins/elementor/includes/managers/image.php on line 113
[23-Aug-2024 13:00:55 UTC] PHP Warning:  Trying to access array offset on value of type bool in /Users/samira/Local Sites/planty/app/public/wp-content/plugins/elementor/includes/managers/image.php on line 113
[23-Aug-2024 13:00:55 UTC] PHP Warning:  Trying to access array offset on value of type bool in /Users/samira/Local Sites/planty/app/public/wp-content/plugins/elementor/includes/managers/image.php on line 113
[23-Aug-2024 13:00:55 UTC] PHP Warning:  Trying to access array offset on value of type bool in /Users/samira/Local Sites/planty/app/public/wp-content/plugins/elementor/includes/managers/image.php on line 113
[23-Aug-2024 13:00:55 UTC] PHP Warning:  Trying to access array offset on value of type bool in /Users/samira/Local Sites/planty/app/public/wp-content/plugins/elementor/includes/managers/image.php on line 113
[23-Aug-2024 13:00:55 UTC] PHP Warning:  Trying to access array offset on value of type bool in /Users/samira/Local Sites/planty/app/public/wp-content/plugins/elementor/includes/managers/image.php on line 113
[23-Aug-2024 13:00:55 UTC] PHP Warning:  Trying to access array offset on value of type bool in /Users/samira/Local Sites/planty/app/public/wp-content/plugins/elementor/includes/managers/image.php on line 113
[23-Aug-2024 13:00:55 UTC] PHP Warning:  Trying to access array offset on value of type bool in /Users/samira/Local Sites/planty/app/public/wp-content/plugins/elementor/includes/managers/image.php on line 113
[23-Aug-2024 13:00:55 UTC] PHP Warning:  Trying to access array offset on value of type bool in /Users/samira/Local Sites/planty/app/public/wp-content/plugins/elementor/includes/managers/image.php on line 113
[23-Aug-2024 13:00:55 UTC] PHP Warning:  Trying to access array offset on value of type bool in /Users/samira/Local Sites/planty/app/public/wp-content/plugins/elementor/includes/managers/image.php on line 113
[23-Aug-2024 13:00:55 UTC] PHP Warning:  Trying to access array offset on value of type bool in /Users/samira/Local Sites/planty/app/public/wp-content/plugins/elementor/includes/managers/image.php on line 113
[23-Aug-2024 13:00:55 UTC] PHP Warning:  Trying to access array offset on value of type bool in /Users/samira/Local Sites/planty/app/public/wp-content/plugins/elementor/includes/managers/image.php on line 113
[23-Aug-2024 13:00:55 UTC] PHP Warning:  Trying to access array offset on value of type bool in /Users/samira/Local Sites/planty/app/public/wp-content/plugins/elementor/includes/managers/image.php on line 113
[23-Aug-2024 13:00:55 UTC] PHP Warning:  Trying to access array offset on value of type bool in /Users/samira/Local Sites/planty/app/public/wp-content/plugins/elementor/includes/managers/image.php on line 113
[23-Aug-2024 13:00:55 UTC] PHP Warning:  Trying to access array offset on value of type bool in /Users/samira/Local Sites/planty/app/public/wp-content/plugins/elementor/includes/managers/image.php on line 113
[23-Aug-2024 13:00:55 UTC] PHP Warning:  Trying to access array offset on value of type bool in /Users/samira/Local Sites/planty/app/public/wp-content/plugins/elementor/includes/managers/image.php on line 113
[23-Aug-2024 13:00:55 UTC] PHP Warning:  Trying to access array offset on value of type bool in /Users/samira/Local Sites/planty/app/public/wp-content/plugins/elementor/includes/managers/image.php on line 113
[28-Aug-2024 16:13:52 UTC] Cron reschedule event error for hook: action_scheduler_run_queue, Error code: could_not_set, Error message: The cron event list could not be saved., Data: {"schedule":"every_minute","args":["WP Cron"],"interval":60}
[30-Aug-2024 13:33:59 UTC] PHP Warning:  Undefined array key "eael_contact_form_alignment" in /Users/samira/Local Sites/planty/app/public/wp-content/plugins/essential-addons-for-elementor-lite/includes/Elements/Contact_Form_7.php on line 1731
[30-Aug-2024 13:33:59 UTC] PHP Warning:  Undefined array key "eael_contact_form_alignment" in /Users/samira/Local Sites/planty/app/public/wp-content/plugins/essential-addons-for-elementor-lite/includes/Elements/Contact_Form_7.php on line 1733
[30-Aug-2024 13:33:59 UTC] PHP Warning:  Undefined array key "eael_contact_form_alignment" in /Users/samira/Local Sites/planty/app/public/wp-content/plugins/essential-addons-for-elementor-lite/includes/Elements/Contact_Form_7.php on line 1735
[30-Aug-2024 13:33:59 UTC] PHP Warning:  Undefined array key "eael_contact_form_alignment" in /Users/samira/Local Sites/planty/app/public/wp-content/plugins/essential-addons-for-elementor-lite/includes/Elements/Contact_Form_7.php on line 1731
[30-Aug-2024 13:33:59 UTC] PHP Warning:  Undefined array key "eael_contact_form_alignment" in /Users/samira/Local Sites/planty/app/public/wp-content/plugins/essential-addons-for-elementor-lite/includes/Elements/Contact_Form_7.php on line 1733
[30-Aug-2024 13:33:59 UTC] PHP Warning:  Undefined array key "eael_contact_form_alignment" in /Users/samira/Local Sites/planty/app/public/wp-content/plugins/essential-addons-for-elementor-lite/includes/Elements/Contact_Form_7.php on line 1735
