2024-08-16T12:32:13+00:00 DEBUG POST: https://ads.tiktok.com/marketing_api/api/developer/app/create_auto_approve/

{"business_platform":"PROD","smb_id":"tt4b_woocommerce_66bf46cdc64a9httplocalhost10008wp-admin","smb_name":"PROD","redirect_url":"http:\/\/localhost:10008\/wp-admin\/"}
 ajax: no
2024-08-16T12:32:14+00:00 DEBUG Tt4b_Mapi_Class::create_open_source_app: Response: 

HTTP/1.1 200 OK
Content-Type: application/json
X-Tt-Logid: 2024081612321227B5A572C90FF70A4D3B,2024081612321227B5A572C90FF70A4D3B
Strict-Transport-Security: max-age=31536000; includeSubDomains
x-tt-trace-host: 01ce7912fc837ed676eb5ae0f7df0776966ddcef5a610263914a8cfd81d973a564012aaaaa57f526ce39e05a5dbdb289f5c454bcd7fe57ff4de8fa89df10fc30769dcba9346acc0cf50e5d16204451a5afb228056fe046ffdb0bb4fc96760ea0a6dc9070869e4b0465cf876a7e0e2a8dc8
x-tt-trace-id: 00-24081612321227B5A572C90FF70A4D3B-2D7378920EFAB700-00
Server: TLB
Content-Encoding: gzip
Content-Length: 205
X-Origin-Response-Time: 116,184.51.193.165
X-Akamai-Request-ID: 43b0da1.894a387
Date: Fri, 16 Aug 2024 12:32:14 GMT
X-Cache: TCP_MISS from a23-77-196-182.deploy.akamaitechnologies.com (AkamaiGHost/11.6.1-8b2dfe3939b99771c02ec6eca94739cd) (-)
Connection: close
Vary: Accept-Encoding
X-Cache-Remote: TCP_MISS from a184-51-193-165.deploy.akamaitechnologies.com (AkamaiGHost/11.6.1-8b2dfe3939b99771c02ec6eca94739cd) (-)
x-tt-trace-tag: id=16;cdn-cache=miss;type=dyn
Server-Timing: cdn-cache; desc=MISS, edge; dur=158, origin; dur=115
Server-Timing: inner; dur=77
X-Parent-Response-Time: 270,23.77.196.182

{"code":0,"msg":"ok","data":{"app_secret":"f6d34e9642376657bc6d83144d6d9f248c6124e7","external_data_key":"b5374513-5113-4e3a-ab4e-934c6aa4c59f","redirect_uri":"http:\/\/localhost:10008\/wp-admin\/","app_id":"7403714163056312338"}}
2024-08-16T12:36:28+00:00 DEBUG POST: https://business-api.tiktok.com/tbp/v2.0/business_profile/disconnect?external_data=

{"business_platform":"WOO_COMMERCE","external_business_id":"tt4b_woocommerce_66bf46cdc64a9"}
 ajax: no
2024-08-16T12:36:28+00:00 DEBUG Tt4b_Mapi_Class::tbp_post: Response: 

HTTP/1.1 200 OK
Content-Type: application/json; charset=utf-8
Content-Length: 95
X-Api-Deprecation-Info: API for Business Version 1.3 is now live. To avoid disruption to your business, we recommend you migrate all calls to v1.3 as soon as possible. Please visit our migration guide for more details: https://ads.tiktok.com/marketing_api/docs?id=1740029169927169
X-Domain-Change-Info: We have moved to the new domain business-api.tiktok.com for API services after the Platform Upgrade on 09/30/2021. Please update all of your requests with the new domain if you haven't done so already. For more information, please visit https://ads.tiktok.com/marketing_api/docs?rid=esb88xalm6m&id=1709207085043713
X-Tt-Logid: 202408161236270C383637BCA6400AA78B
x-tt-trace-host: 01dc4543637aa2c21420c6276cb461eebcc62d07fc73556df88cb1a4f6f9892e0486917334b60d827e20f72a8a1b1dca9520d6a468639f623034eec231a14f0febb1cf790a49284e7510c690b310efd615ce903e049c0dc929a969db22378463a5321c9e827a0edcc61a8276bd0df4f0fa
x-tt-trace-id: 00-2408161236270C383637BCA6400AA78B-570ECCC820753231-00
Server: TLB
X-Origin-Response-Time: 23,104.88.70.21
X-Akamai-Request-ID: 5129107.3896f1d
Expires: Fri, 16 Aug 2024 12:36:28 GMT
Cache-Control: max-age=0, no-cache, no-store
Pragma: no-cache
Date: Fri, 16 Aug 2024 12:36:28 GMT
X-Cache: TCP_MISS from a2-21-247-221.deploy.akamaitechnologies.com (AkamaiGHost/11.6.1.1-b3c3a54be5e4c1363e4bf8ba73bb8135) (-)
Connection: close
X-Cache-Remote: TCP_MISS from a104-88-70-21.deploy.akamaitechnologies.com (AkamaiGHost/11.6.1.1-b3c3a54be5e4c1363e4bf8ba73bb8135) (-)
x-tt-trace-tag: id=16;cdn-cache=miss;type=dyn
Server-Timing: cdn-cache; desc=MISS, edge; dur=154, origin; dur=22
Server-Timing: inner; dur=14
X-Parent-Response-Time: 176,2.21.247.221

{"code":40001,"message":"Permission denied.","request_id":"202408161236270C383637BCA6400AA78B"}
2024-08-16T12:36:28+00:00 DEBUG POST: https://business-api.tiktok.com/tbp/v2.0/shop/connection/disconnect?external_data=

--- EMPTY STRING ---
 ajax: no
2024-08-16T12:36:28+00:00 DEBUG Tt4b_Mapi_Class::tts_shop_disconnect: Response: 

HTTP/1.1 200 OK
Content-Type: application/json; charset=utf-8
Content-Length: 95
X-Api-Deprecation-Info: API for Business Version 1.3 is now live. To avoid disruption to your business, we recommend you migrate all calls to v1.3 as soon as possible. Please visit our migration guide for more details: https://ads.tiktok.com/marketing_api/docs?id=1740029169927169
X-Domain-Change-Info: We have moved to the new domain business-api.tiktok.com for API services after the Platform Upgrade on 09/30/2021. Please update all of your requests with the new domain if you haven't done so already. For more information, please visit https://ads.tiktok.com/marketing_api/docs?rid=esb88xalm6m&id=1709207085043713
X-Tt-Logid: 202408161236270C383637BCA6400AA792
x-tt-trace-host: 01dc4543637aa2c21420c6276cb461eebcc62d07fc73556df88cb1a4f6f9892e0486917334b60d827e20f72a8a1b1dca9520d6a468639f623034eec231a14f0febb1cf790a49284e7510c690b310efd615d4fd4e7dab40fa13789a8619739045c895cc138464420e2f81195524c8fc66e3
x-tt-trace-id: 00-2408161236270C383637BCA6400AA792-570ECCC82075323F-00
Server: TLB
X-Origin-Response-Time: 19,104.88.70.21
X-Akamai-Request-ID: 5132c6c.389746e
Expires: Fri, 16 Aug 2024 12:36:28 GMT
Cache-Control: max-age=0, no-cache, no-store
Pragma: no-cache
Date: Fri, 16 Aug 2024 12:36:28 GMT
X-Cache: TCP_MISS from a2-21-247-221.deploy.akamaitechnologies.com (AkamaiGHost/11.6.1.1-b3c3a54be5e4c1363e4bf8ba73bb8135) (-)
Connection: close
X-Cache-Remote: TCP_MISS from a104-88-70-21.deploy.akamaitechnologies.com (AkamaiGHost/11.6.1.1-b3c3a54be5e4c1363e4bf8ba73bb8135) (-)
x-tt-trace-tag: id=16;cdn-cache=miss;type=dyn
Server-Timing: cdn-cache; desc=MISS, edge; dur=156, origin; dur=18
Server-Timing: inner; dur=10
X-Parent-Response-Time: 173,2.21.247.221

{"code":40001,"message":"Permission denied.","request_id":"202408161236270C383637BCA6400AA792"}
